<?xml version="1.0" encoding="UTF-8"?>
<robot generator="Robot 6.0.2 (Python 3.9.5 on win32)" generated="20230413 15:53:06.295" rpa="false" schemaversion="3">
<suite id="s1" name="ResourceDemoTest" source="C:\Users\843974\PycharmProjects\RobotFramework-Training\TestCases\WebTestCases\ResourceDemoTest.robot">
<test id="s1-t1" name="Validate Successful Registration" line="17">
<kw name="Open the browser and navigate to webshop url" library="Resourse" type="SETUP">
<kw name="Set Selenium Speed" library="SeleniumLibrary">
<arg>0.5 seconds</arg>
<doc>Sets the delay that is waited after each Selenium command.</doc>
<status status="PASS" starttime="20230413 15:53:15.899" endtime="20230413 15:53:15.899"/>
</kw>
<kw name="Open Browser" library="SeleniumLibrary">
<arg>${URL}</arg>
<arg>${Browser}</arg>
<arg>executable_path=${Exec Path}</arg>
<doc>Opens a new browser instance to the optional ``url``.</doc>
<msg timestamp="20230413 15:53:15.901" level="INFO">Opening browser 'Chrome' to base url 'https://demowebshop.tricentis.com/'.</msg>
<status status="PASS" starttime="20230413 15:53:15.900" endtime="20230413 15:53:40.971"/>
</kw>
<status status="PASS" starttime="20230413 15:53:15.898" endtime="20230413 15:53:40.972"/>
</kw>
<kw name="Click on register to open the registration link" library="Resourse">
<kw name="Click Link" library="SeleniumLibrary">
<arg>${Register Link}</arg>
<doc>Clicks a link identified by ``locator``.</doc>
<msg timestamp="20230413 15:53:40.977" level="INFO">Clicking link 'xpath://a[text()='Register']'.</msg>
<status status="PASS" starttime="20230413 15:53:40.975" endtime="20230413 15:53:43.689"/>
</kw>
<status status="PASS" starttime="20230413 15:53:40.974" endtime="20230413 15:53:43.689"/>
</kw>
<kw name="Select the gender either amle or female" library="Resourse">
<kw name="Select Radio Button" library="SeleniumLibrary">
<arg>Gender</arg>
<arg>M</arg>
<doc>Sets the radio button group ``group_name`` to ``value``.</doc>
<msg timestamp="20230413 15:53:43.703" level="INFO">Selecting 'M' from radio button 'Gender'.</msg>
<status status="PASS" starttime="20230413 15:53:43.702" endtime="20230413 15:53:45.409"/>
</kw>
<status status="PASS" starttime="20230413 15:53:43.701" endtime="20230413 15:53:45.410"/>
</kw>
<kw name="Enter your firstname, lastname, emailid in textbox" library="Resourse">
<kw name="Input Text" library="SeleniumLibrary">
<arg>id:FirstName</arg>
<arg>Michael</arg>
<doc>Types the given ``text`` into the text field identified by ``locator``.</doc>
<msg timestamp="20230413 15:53:45.414" level="INFO">Typing text 'Michael' into text field 'id:FirstName'.</msg>
<status status="PASS" starttime="20230413 15:53:45.413" endtime="20230413 15:53:47.243"/>
</kw>
<kw name="Input Text" library="SeleniumLibrary">
<arg>id:LastName</arg>
<arg>Jackson</arg>
<doc>Types the given ``text`` into the text field identified by ``locator``.</doc>
<msg timestamp="20230413 15:53:47.244" level="INFO">Typing text 'Jackson' into text field 'id:LastName'.</msg>
<status status="PASS" starttime="20230413 15:53:47.243" endtime="20230413 15:53:49.028"/>
</kw>
<kw name="Input Text" library="SeleniumLibrary">
<arg>id:Email</arg>
<arg>${Email id}</arg>
<doc>Types the given ``text`` into the text field identified by ``locator``.</doc>
<msg timestamp="20230413 15:53:49.029" level="INFO">Typing text 'michaeljackson100@test.com' into text field 'id:Email'.</msg>
<status status="PASS" starttime="20230413 15:53:49.028" endtime="20230413 15:53:50.863"/>
</kw>
<status status="PASS" starttime="20230413 15:53:45.413" endtime="20230413 15:53:50.864"/>
</kw>
<kw name="Enter your password and confirm password">
<kw name="Input Password" library="SeleniumLibrary">
<arg>id:Password</arg>
<arg>${Valid Password}</arg>
<doc>Types the given password into the text field identified by ``locator``.</doc>
<msg timestamp="20230413 15:53:50.866" level="INFO">Typing password into text field 'id:Password'.</msg>
<msg timestamp="20230413 15:53:51.963" level="INFO">Temporally setting log level to: NONE</msg>
<msg timestamp="20230413 15:53:52.626" level="INFO">Log level changed from NONE to INFO.</msg>
<status status="PASS" starttime="20230413 15:53:50.865" endtime="20230413 15:53:52.626"/>
</kw>
<kw name="Input Password" library="SeleniumLibrary">
<arg>id:ConfirmPassword</arg>
<arg>${Valid Password}</arg>
<doc>Types the given password into the text field identified by ``locator``.</doc>
<msg timestamp="20230413 15:53:52.628" level="INFO">Typing password into text field 'id:ConfirmPassword'.</msg>
<msg timestamp="20230413 15:53:53.722" level="INFO">Temporally setting log level to: NONE</msg>
<msg timestamp="20230413 15:53:54.437" level="INFO">Log level changed from NONE to INFO.</msg>
<status status="PASS" starttime="20230413 15:53:52.627" endtime="20230413 15:53:54.438"/>
</kw>
<status status="PASS" starttime="20230413 15:53:50.864" endtime="20230413 15:53:54.441"/>
</kw>
<kw name="Now Click on register button to submit the form" library="Resourse">
<kw name="Click Button" library="SeleniumLibrary">
<arg>id:register-button</arg>
<doc>Clicks the button identified by ``locator``.</doc>
<msg timestamp="20230413 15:53:54.488" level="INFO">Clicking button 'id:register-button'.</msg>
<status status="PASS" starttime="20230413 15:53:54.487" endtime="20230413 15:53:58.922"/>
</kw>
<status status="PASS" starttime="20230413 15:53:54.486" endtime="20230413 15:53:58.923"/>
</kw>
<kw name="This will wait for successful registration and close the browser" library="Resourse">
<kw name="Wait Until Element Is Visible" library="SeleniumLibrary">
<arg>//div[@class='page registration-result-page']</arg>
<doc>Waits until the element ``locator`` is visible.</doc>
<status status="PASS" starttime="20230413 15:53:58.925" endtime="20230413 15:54:00.148"/>
</kw>
<kw name="Click Button" library="SeleniumLibrary">
<arg>xpath://input[@class='button-1 register-continue-button' ]</arg>
<doc>Clicks the button identified by ``locator``.</doc>
<msg timestamp="20230413 15:54:00.150" level="INFO">Clicking button 'xpath://input[@class='button-1 register-continue-button' ]'.</msg>
<status status="PASS" starttime="20230413 15:54:00.149" endtime="20230413 15:54:02.966"/>
</kw>
<status status="PASS" starttime="20230413 15:53:58.924" endtime="20230413 15:54:02.967"/>
</kw>
<doc>This Test is to Validate Successful Registration of the Webshop Portal</doc>
<tag>sanity</tag>
<status status="PASS" starttime="20230413 15:53:15.896" endtime="20230413 15:54:02.967"/>
</test>
<test id="s1-t2" name="Validate Successful Login" line="27">
<kw name="Open the browser and navigate to webshop url" library="Resourse" type="SETUP">
<kw name="Set Selenium Speed" library="SeleniumLibrary">
<arg>0.5 seconds</arg>
<doc>Sets the delay that is waited after each Selenium command.</doc>
<status status="PASS" starttime="20230413 15:54:02.975" endtime="20230413 15:54:02.976"/>
</kw>
<kw name="Open Browser" library="SeleniumLibrary">
<arg>${URL}</arg>
<arg>${Browser}</arg>
<arg>executable_path=${Exec Path}</arg>
<doc>Opens a new browser instance to the optional ``url``.</doc>
<msg timestamp="20230413 15:54:02.978" level="INFO">Opening browser 'Chrome' to base url 'https://demowebshop.tricentis.com/'.</msg>
<status status="PASS" starttime="20230413 15:54:02.976" endtime="20230413 15:54:33.964"/>
</kw>
<status status="PASS" starttime="20230413 15:54:02.975" endtime="20230413 15:54:33.965"/>
</kw>
<kw name="Click on login to open the login link" library="Resourse">
<kw name="Click Link" library="SeleniumLibrary">
<arg>${Login Link}</arg>
<doc>Clicks a link identified by ``locator``.</doc>
<msg timestamp="20230413 15:54:33.971" level="INFO">Clicking link 'xpath://a[text()='Log in']'.</msg>
<status status="PASS" starttime="20230413 15:54:33.970" endtime="20230413 15:54:36.761"/>
</kw>
<status status="PASS" starttime="20230413 15:54:33.968" endtime="20230413 15:54:36.762"/>
</kw>
<kw name="Enter your emailid and valid password in textbox">
<kw name="Input Text" library="SeleniumLibrary">
<arg>id:Email</arg>
<arg>${Login Id}</arg>
<doc>Types the given ``text`` into the text field identified by ``locator``.</doc>
<msg timestamp="20230413 15:54:36.765" level="INFO">Typing text 'michaeljackson5@test.com' into text field 'id:Email'.</msg>
<status status="PASS" starttime="20230413 15:54:36.764" endtime="20230413 15:54:38.884"/>
</kw>
<kw name="Input Password" library="SeleniumLibrary">
<arg>id:Password</arg>
<arg>${Valid Password}</arg>
<doc>Types the given password into the text field identified by ``locator``.</doc>
<msg timestamp="20230413 15:54:38.886" level="INFO">Typing password into text field 'id:Password'.</msg>
<msg timestamp="20230413 15:54:40.059" level="INFO">Temporally setting log level to: NONE</msg>
<msg timestamp="20230413 15:54:41.532" level="INFO">Log level changed from NONE to INFO.</msg>
<status status="PASS" starttime="20230413 15:54:38.885" endtime="20230413 15:54:41.533"/>
</kw>
<status status="PASS" starttime="20230413 15:54:36.763" endtime="20230413 15:54:41.533"/>
</kw>
<kw name="Now click on LogIn button to login" library="Resourse">
<kw name="Click Button" library="SeleniumLibrary">
<arg>xpath://input[@class='button-1 login-button']</arg>
<doc>Clicks the button identified by ``locator``.</doc>
<msg timestamp="20230413 15:54:41.539" level="INFO">Clicking button 'xpath://input[@class='button-1 login-button']'.</msg>
<status status="PASS" starttime="20230413 15:54:41.538" endtime="20230413 15:54:45.293"/>
</kw>
<status status="PASS" starttime="20230413 15:54:41.537" endtime="20230413 15:54:45.295"/>
</kw>
<kw name="This will wait for successful login and close the browser">
<kw name="Wait Until Element Is Visible" library="SeleniumLibrary">
<arg>${Success Login Message}</arg>
<doc>Waits until the element ``locator`` is visible.</doc>
<status status="PASS" starttime="20230413 15:54:45.450" endtime="20230413 15:54:47.061"/>
</kw>
<kw name="Element Text Should Be" library="SeleniumLibrary">
<arg>${Success Login Message}</arg>
<arg>${expected}</arg>
<doc>Verifies that element ``locator`` contains exact the text ``expected``.</doc>
<msg timestamp="20230413 15:54:47.063" level="INFO">Verifying element 'xpath://div[@class='topic-html-content-title']' contains exact text 'Welcome to our store'.</msg>
<status status="PASS" starttime="20230413 15:54:47.061" endtime="20230413 15:54:48.444"/>
</kw>
<status status="PASS" starttime="20230413 15:54:45.447" endtime="20230413 15:54:48.444"/>
</kw>
<doc>This Test is to Validate Successful Login of the Webshop Portal</doc>
<tag>smoke</tag>
<status status="PASS" starttime="20230413 15:54:02.973" endtime="20230413 15:54:48.464"/>
</test>
<test id="s1-t3" name="Validate Invalid Login" line="34">
<kw name="Open the browser and navigate to webshop url" library="Resourse" type="SETUP">
<kw name="Set Selenium Speed" library="SeleniumLibrary">
<arg>0.5 seconds</arg>
<doc>Sets the delay that is waited after each Selenium command.</doc>
<status status="PASS" starttime="20230413 15:54:48.472" endtime="20230413 15:54:48.474"/>
</kw>
<kw name="Open Browser" library="SeleniumLibrary">
<arg>${URL}</arg>
<arg>${Browser}</arg>
<arg>executable_path=${Exec Path}</arg>
<doc>Opens a new browser instance to the optional ``url``.</doc>
<msg timestamp="20230413 15:54:48.477" level="INFO">Opening browser 'Chrome' to base url 'https://demowebshop.tricentis.com/'.</msg>
<status status="PASS" starttime="20230413 15:54:48.474" endtime="20230413 15:55:33.230"/>
</kw>
<status status="PASS" starttime="20230413 15:54:48.471" endtime="20230413 15:55:33.231"/>
</kw>
<kw name="Click on login to open the login link" library="Resourse">
<kw name="Click Link" library="SeleniumLibrary">
<arg>${Login Link}</arg>
<doc>Clicks a link identified by ``locator``.</doc>
<msg timestamp="20230413 15:55:33.246" level="INFO">Clicking link 'xpath://a[text()='Log in']'.</msg>
<status status="PASS" starttime="20230413 15:55:33.244" endtime="20230413 15:55:36.331"/>
</kw>
<status status="PASS" starttime="20230413 15:55:33.243" endtime="20230413 15:55:36.332"/>
</kw>
<kw name="Enter your emailid and invalid password in textbox">
<kw name="Input Text" library="SeleniumLibrary">
<arg>id:Email</arg>
<arg>${Login Id}</arg>
<doc>Types the given ``text`` into the text field identified by ``locator``.</doc>
<msg timestamp="20230413 15:55:36.348" level="INFO">Typing text 'michaeljackson5@test.com' into text field 'id:Email'.</msg>
<status status="PASS" starttime="20230413 15:55:36.347" endtime="20230413 15:55:38.557"/>
</kw>
<kw name="Input Password" library="SeleniumLibrary">
<arg>id:Password</arg>
<arg>${Invalid Password}</arg>
<doc>Types the given password into the text field identified by ``locator``.</doc>
<msg timestamp="20230413 15:55:38.559" level="INFO">Typing password into text field 'id:Password'.</msg>
<msg timestamp="20230413 15:55:39.821" level="INFO">Temporally setting log level to: NONE</msg>
<msg timestamp="20230413 15:55:40.683" level="INFO">Log level changed from NONE to INFO.</msg>
<status status="PASS" starttime="20230413 15:55:38.557" endtime="20230413 15:55:40.683"/>
</kw>
<status status="PASS" starttime="20230413 15:55:36.345" endtime="20230413 15:55:40.683"/>
</kw>
<kw name="Now click on LogIn button to login" library="Resourse">
<kw name="Click Button" library="SeleniumLibrary">
<arg>xpath://input[@class='button-1 login-button']</arg>
<doc>Clicks the button identified by ``locator``.</doc>
<msg timestamp="20230413 15:55:40.690" level="INFO">Clicking button 'xpath://input[@class='button-1 login-button']'.</msg>
<status status="PASS" starttime="20230413 15:55:40.688" endtime="20230413 15:55:44.168"/>
</kw>
<status status="PASS" starttime="20230413 15:55:40.687" endtime="20230413 15:55:44.169"/>
</kw>
<kw name="This will wait for successful login and close the browser">
<kw name="Wait Until Element Is Visible" library="SeleniumLibrary">
<arg>${Success Login Message}</arg>
<doc>Waits until the element ``locator`` is visible.</doc>
<status status="PASS" starttime="20230413 15:55:44.171" endtime="20230413 15:55:45.271"/>
</kw>
<kw name="Element Text Should Be" library="SeleniumLibrary">
<arg>${Success Login Message}</arg>
<arg>${expected}</arg>
<doc>Verifies that element ``locator`` contains exact the text ``expected``.</doc>
<msg timestamp="20230413 15:55:45.273" level="INFO">Verifying element 'xpath://div[@class='topic-html-content-title']' contains exact text 'Welcome to our store'.</msg>
<msg timestamp="20230413 15:55:47.648" level="INFO" html="true">&lt;/td&gt;&lt;/tr&gt;&lt;tr&gt;&lt;td colspan="3"&gt;&lt;a href="selenium-screenshot-8.png"&gt;&lt;img src="selenium-screenshot-8.png" width="800px"&gt;&lt;/a&gt;</msg>
<msg timestamp="20230413 15:55:47.649" level="FAIL">The text of element 'xpath://div[@class='topic-html-content-title']' should have been 'Welcome to our store' but it was 'About login / registration'.</msg>
<status status="FAIL" starttime="20230413 15:55:45.271" endtime="20230413 15:55:47.736"/>
</kw>
<status status="FAIL" starttime="20230413 15:55:44.170" endtime="20230413 15:55:47.737"/>
</kw>
<doc>This Test is to Validate Successful Login of the Webshop Portal</doc>
<tag>smoke</tag>
<status status="FAIL" starttime="20230413 15:54:48.469" endtime="20230413 15:55:47.738">The text of element 'xpath://div[@class='topic-html-content-title']' should have been 'Welcome to our store' but it was 'About login / registration'.</status>
</test>
<doc>To validate Scenarios of the WebShop Shoppping Portal</doc>
<status status="FAIL" starttime="20230413 15:53:06.317" endtime="20230413 15:55:47.743"/>
</suite>
<statistics>
<total>
<stat pass="2" fail="1" skip="0">All Tests</stat>
</total>
<tag>
<stat pass="1" fail="0" skip="0">sanity</stat>
<stat pass="1" fail="1" skip="0">smoke</stat>
</tag>
<suite>
<stat pass="2" fail="1" skip="0" id="s1" name="ResourceDemoTest">ResourceDemoTest</stat>
</suite>
</statistics>
<errors>
</errors>
</robot>
