<?xml version="1.0" encoding="UTF-8"?>
<robot generator="Robot 6.0.2 (Python 3.9.6 on win32)" generated="20230413 11:41:54.404" rpa="false" schemaversion="3">
<suite id="s1" name="CustomeKeyword" source="C:\Users\sarvo\PycharmProjects\RobotFrameworkDemo2\TestCases\WebTestCases\CustomeKeyword.robot">
<test id="s1-t1" name="Validate custom keyword using python" line="6">
<kw name="Hello World" library="customShop">
<msg timestamp="20230413 11:41:54.504" level="INFO">Hello!, this my my first custom Keyword using python</msg>
<status status="PASS" starttime="20230413 11:41:54.504" endtime="20230413 11:41:54.504"/>
</kw>
<status status="PASS" starttime="20230413 11:41:54.504" endtime="20230413 11:41:54.504"/>
</test>
<status status="PASS" starttime="20230413 11:41:54.408" endtime="20230413 11:41:54.504"/>
</suite>
<statistics>
<total>
<stat pass="1" fail="0" skip="0">All Tests</stat>
</total>
<tag>
</tag>
<suite>
<stat pass="1" fail="0" skip="0" id="s1" name="CustomeKeyword">CustomeKeyword</stat>
</suite>
</statistics>
<errors>
</errors>
</robot>
